<?xml version="1.0" encoding="UTF-8"?>
<!-- Generated by org.testng.reporters.JUnitReportReporter -->
<testsuite hostname="AIPL5658LT12679" failures="0" tests="3" name="ADVANCED_PAYLOAD_CREATION.DynamicJson" time="2.128" errors="0" timestamp="2022-04-15T23:58:32 IST" skipped="0">
  <testcase classname="ADVANCED_PAYLOAD_CREATION.DynamicJson" name="addBook" time="0.178"/>
  <system-out/>
  <testcase classname="ADVANCED_PAYLOAD_CREATION.DynamicJson" name="addBook" time="1.784"/>
  <system-out/>
  <testcase classname="ADVANCED_PAYLOAD_CREATION.DynamicJson" name="addBookThruStaticJson" time="0.166"/>
  <system-out/>
</testsuite> <!-- ADVANCED_PAYLOAD_CREATION.DynamicJson -->
